<?xml version="1.0" encoding="UTF-8"?>
<Site BuildName="Darwin-clang++"
	BuildStamp="20231102-2018-Experimental"
	Name="iPro-di-Andrea.wind3.hub"
	Generator="ctest-3.24.4"
	CompilerName="/usr/bin/clang++"
	CompilerVersion="13.0.0.13000029"
	OSName="macOS"
	Hostname="iPro-di-Andrea.wind3.hub"
	OSRelease="11.7"
	OSVersion="20G817"
	OSPlatform="x86_64"
	Is64Bits="1"
	VendorString="AuthenticAMD"
	VendorID="Advanced Micro Devices"
	FamilyID="23"
	ModelID="1"
	ProcessorCacheSize="32768"
	NumberOfLogicalCPU="16"
	NumberOfPhysicalCPU="8"
	TotalVirtualMemory="0"
	TotalPhysicalMemory="32768"
	LogicalProcessorsPerPhysical="8"
	ProcessorClockFrequency="3600"
	>
	<Testing>
		<StartDateTime>Nov 02 21:18 CET</StartDateTime>
		<StartTestTime>1698956314</StartTestTime>
		<TestList/>
		<EndDateTime>Nov 02 21:18 CET</EndDateTime>
		<EndTestTime>1698956314</EndTestTime>
		<ElapsedMinutes>0</ElapsedMinutes>
	</Testing>
</Site>
